<?xml version="1.0" encoding="UTF-8"?>
<robot generator="Robot 5.0.1 (Python 3.10.7 on win32)" generated="20221001 16:07:22.480" rpa="false" schemaversion="3">
<suite id="s1" name="NL moretests" source="C:\Users\bebes\OneDrive\Desktop\Sheye IT Projects\robot-test\NL_moretests.robot">
<test id="s1-t1" name="First get to the login page" line="40">
<kw name="Open Browser" library="SeleniumLibrary">
<arg>${NL_URL}</arg>
<arg>${Browser}</arg>
<doc>Opens a new browser instance to the optional ``url``.</doc>
<msg timestamp="20221001 16:07:23.574" level="INFO">Opening browser 'googlechrome' to base url 'https://www.nairaland.com/'.</msg>
<status status="PASS" starttime="20221001 16:07:23.574" endtime="20221001 16:07:40.736"/>
</kw>
<kw name="Click Element" library="SeleniumLibrary">
<arg>${Click_login}</arg>
<doc>Click the element identified by ``locator``.</doc>
<msg timestamp="20221001 16:07:40.740" level="INFO">Clicking element '//*[@id="up"]/tbody/tr/td/a[1]'.</msg>
<status status="PASS" starttime="20221001 16:07:40.739" endtime="20221001 16:07:42.324"/>
</kw>
<doc>Opens browser and navigates to login page</doc>
<tag>regression</tag>
<tag>smoke</tag>
<status status="PASS" starttime="20221001 16:07:23.558" endtime="20221001 16:07:42.455"/>
</test>
<test id="s1-t2" name="verify ease of login to user profile" line="46">
<kw name="Input Text" library="SeleniumLibrary">
<arg>${Username_field}</arg>
<arg>${Username}</arg>
<doc>Types the given ``text`` into the text field identified by ``locator``.</doc>
<msg timestamp="20221001 16:07:42.551" level="INFO">Typing text 'outstandingmam' into text field '//input[@name='name' and @type='text']'.</msg>
<status status="PASS" starttime="20221001 16:07:42.549" endtime="20221001 16:07:43.036"/>
</kw>
<kw name="Input Password" library="SeleniumLibrary">
<arg>${password_field}</arg>
<arg>${password}</arg>
<doc>Types the given password into the text field identified by ``locator``.</doc>
<msg timestamp="20221001 16:07:43.051" level="INFO">Typing password into text field '//input[@name='password' and @type='password']'.</msg>
<msg timestamp="20221001 16:07:43.368" level="INFO">Temporally setting log level to: NONE</msg>
<msg timestamp="20221001 16:07:43.670" level="INFO">Log level changed from NONE to INFO.</msg>
<status status="PASS" starttime="20221001 16:07:43.050" endtime="20221001 16:07:43.670"/>
</kw>
<kw name="Click Button" library="SeleniumLibrary">
<arg>${Clicklogin_button}</arg>
<doc>Clicks the button identified by ``locator``.</doc>
<msg timestamp="20221001 16:07:43.672" level="INFO">Clicking button '//input[@type='submit' and @value='Login']'.</msg>
<status status="PASS" starttime="20221001 16:07:43.671" endtime="20221001 16:07:45.414"/>
</kw>
<kw name="Wait Until Element Is Visible" library="SeleniumLibrary">
<arg>${Username_element}</arg>
<doc>Waits until the element ``locator`` is visible.</doc>
<status status="PASS" starttime="20221001 16:07:45.426" endtime="20221001 16:07:50.769"/>
</kw>
<kw name="Input Text" library="SeleniumLibrary">
<arg>${Search_field}</arg>
<arg>${search_item}</arg>
<doc>Types the given ``text`` into the text field identified by ``locator``.</doc>
<msg timestamp="20221001 16:07:50.769" level="INFO">Typing text 'Immigrant' into text field '//table[@id='up']//td//form[@action='/search']//input[@type='text' and @name='q']'.</msg>
<status status="PASS" starttime="20221001 16:07:50.769" endtime="20221001 16:07:51.111"/>
</kw>
<kw name="Click Element" library="SeleniumLibrary">
<arg>${Click_search}</arg>
<doc>Click the element identified by ``locator``.</doc>
<msg timestamp="20221001 16:07:51.113" level="INFO">Clicking element '//h1/following-sibling::form[@action='/search']//input[@type='submit' and @value='Search']'.</msg>
<status status="PASS" starttime="20221001 16:07:51.112" endtime="20221001 16:08:01.191"/>
</kw>
<kw name="Click Element" library="SeleniumLibrary">
<arg>${edit_profile}</arg>
<doc>Click the element identified by ``locator``.</doc>
<msg timestamp="20221001 16:08:01.206" level="INFO">Clicking element '//a[@href='/editprofile']'.</msg>
<status status="PASS" starttime="20221001 16:08:01.206" endtime="20221001 16:08:02.551"/>
</kw>
<doc>navigates to username field and ensure login then search item</doc>
<tag>smoke</tag>
<status status="PASS" starttime="20221001 16:07:42.542" endtime="20221001 16:08:02.563"/>
</test>
<doc>First is to navigate to login page</doc>
<status status="PASS" starttime="20221001 16:07:22.496" endtime="20221001 16:08:02.563"/>
</suite>
<statistics>
<total>
<stat pass="2" fail="0" skip="0">All Tests</stat>
</total>
<tag>
<stat pass="1" fail="0" skip="0">regression</stat>
<stat pass="2" fail="0" skip="0">smoke</stat>
</tag>
<suite>
<stat pass="2" fail="0" skip="0" id="s1" name="NL moretests">NL moretests</stat>
</suite>
</statistics>
<errors>
</errors>
</robot>
