<?xml version="1.0" encoding="UTF-8"?>
<robot generator="Robot 5.0.1 (Python 3.10.7 on win32)" generated="20221107 22:05:00.364" rpa="false" schemaversion="3">
<suite id="s1" name="Taybullpay registration" source="C:\Users\kenny\OneDrive\Desktop\My_tech_base folder\robot-test\Taybullpay_registration.robot">
<test id="s1-t1" name="Verify that user can register on taybull page using a valid email" line="48">
<kw name="Open System Browser and click">
<arg>${Taybullpay_URL}</arg>
<arg>${Browser}</arg>
<arg>${Dropdown_element}</arg>
<arg>${Tayblepay_logo}</arg>
<arg>${signup_page}</arg>
<arg>${Welome_locator}</arg>
<doc>Open System Browser</doc>
<kw name="Open Browser" library="SeleniumLibrary">
<arg>${URL}</arg>
<arg>${website}</arg>
<doc>Opens a new browser instance to the optional ``url``.</doc>
<msg timestamp="20221107 22:05:00.489" level="INFO">Opening browser 'chrome' to base url 'https://taybullpay.com/'.</msg>
<status status="PASS" starttime="20221107 22:05:00.489" endtime="20221107 22:05:05.804"/>
</kw>
<kw name="Click Element" library="SeleniumLibrary">
<arg>${Dropdown_sign}</arg>
<doc>Click the element identified by ``locator``.</doc>
<msg timestamp="20221107 22:05:05.805" level="INFO">Clicking element '//button[@type='button']//span[@class='hamburger-box']'.</msg>
<status status="PASS" starttime="20221107 22:05:05.805" endtime="20221107 22:05:05.894"/>
</kw>
<kw name="Wait Until Element Is Visible" library="SeleniumLibrary">
<arg>${Tayblepay_botton}</arg>
<arg>timeout=10</arg>
<doc>Waits until the element ``locator`` is visible.</doc>
<status status="PASS" starttime="20221107 22:05:05.895" endtime="20221107 22:05:05.931"/>
</kw>
<kw name="Click Element" library="SeleniumLibrary">
<arg>${signup_link}</arg>
<doc>Click the element identified by ``locator``.</doc>
<msg timestamp="20221107 22:05:05.931" level="INFO">Clicking element '//div[@class='v-list-item__title menu-list' and contains (text(), 'Sign Up')]'.</msg>
<status status="PASS" starttime="20221107 22:05:05.931" endtime="20221107 22:05:06.047"/>
</kw>
<kw name="Wait Until Element Is Visible" library="SeleniumLibrary">
<arg>${Welome_text}</arg>
<doc>Waits until the element ``locator`` is visible.</doc>
<status status="PASS" starttime="20221107 22:05:06.047" endtime="20221107 22:05:06.120"/>
</kw>
<status status="PASS" starttime="20221107 22:05:00.488" endtime="20221107 22:05:06.120"/>
</kw>
<kw name="Provide Text Data and Submit">
<arg>${name_field}</arg>
<arg>${sign_name}</arg>
<arg>${email_field}</arg>
<arg>${sign_email}</arg>
<arg>${password_locator}</arg>
<arg>${sign_password}</arg>
<arg>${click_signup}</arg>
<doc>Provide text data in the text field and clicks submit</doc>
<kw name="Input Text" library="SeleniumLibrary">
<arg>${username_field}</arg>
<arg>${username}</arg>
<doc>Types the given ``text`` into the text field identified by ``locator``.</doc>
<msg timestamp="20221107 22:05:06.123" level="INFO">Typing text 'Kolapo' into text field '//input[@name='fullname' and @type='text']'.</msg>
<status status="PASS" starttime="20221107 22:05:06.123" endtime="20221107 22:05:06.327"/>
</kw>
<kw name="Input Text" library="SeleniumLibrary">
<arg>${email_locator}</arg>
<arg>${email}</arg>
<doc>Types the given ``text`` into the text field identified by ``locator``.</doc>
<msg timestamp="20221107 22:05:06.328" level="INFO">Typing text 'kenny_alonge@outlook.com' into text field '//input[@name='username' and @type='email']'.</msg>
<status status="PASS" starttime="20221107 22:05:06.327" endtime="20221107 22:05:06.587"/>
</kw>
<kw name="Input Password" library="SeleniumLibrary">
<arg>${password_field}</arg>
<arg>${password}</arg>
<doc>Types the given password into the text field identified by ``locator``.</doc>
<msg timestamp="20221107 22:05:06.587" level="INFO">Typing password into text field '//input[@id='password' and @name='password' and @autocomplete='new-password']'.</msg>
<msg timestamp="20221107 22:05:06.630" level="INFO">Temporally setting log level to: NONE</msg>
<msg timestamp="20221107 22:05:06.708" level="INFO">Log level changed from NONE to INFO.</msg>
<status status="PASS" starttime="20221107 22:05:06.587" endtime="20221107 22:05:06.708"/>
</kw>
<kw name="Click Button" library="SeleniumLibrary">
<arg>${signup_field}</arg>
<doc>Clicks the button identified by ``locator``.</doc>
<msg timestamp="20221107 22:05:06.709" level="INFO">Clicking button '//button[@type='submit' and @form='sign-in-form']'.</msg>
<status status="PASS" starttime="20221107 22:05:06.708" endtime="20221107 22:05:06.793"/>
</kw>
<status status="PASS" starttime="20221107 22:05:06.121" endtime="20221107 22:05:06.793"/>
</kw>
<kw name="Wait Until Element Is Visible" library="SeleniumLibrary">
<arg>${Verify_number}</arg>
<doc>Waits until the element ``locator`` is visible.</doc>
<status status="PASS" starttime="20221107 22:05:06.793" endtime="20221107 22:05:06.811"/>
</kw>
<kw name="Close Browser" library="SeleniumLibrary" type="TEARDOWN">
<doc>Closes the current browser.</doc>
<status status="PASS" starttime="20221107 22:05:06.812" endtime="20221107 22:05:09.256"/>
</kw>
<doc>Open browser and navigate to the login page</doc>
<tag>regression</tag>
<tag>smoke</tag>
<status status="PASS" starttime="20221107 22:05:00.487" endtime="20221107 22:05:09.258"/>
</test>
<doc>Test suit to register on Taybullpay Page</doc>
<status status="PASS" starttime="20221107 22:05:00.368" endtime="20221107 22:05:09.261"/>
</suite>
<statistics>
<total>
<stat pass="1" fail="0" skip="0">All Tests</stat>
</total>
<tag>
<stat pass="1" fail="0" skip="0">regression</stat>
<stat pass="1" fail="0" skip="0">smoke</stat>
</tag>
<suite>
<stat pass="1" fail="0" skip="0" id="s1" name="Taybullpay registration">Taybullpay registration</stat>
</suite>
</statistics>
<errors>
</errors>
</robot>
