<?xml version="1.0" encoding="UTF-8"?>
<robot generator="Robot 5.0.1 (Python 3.10.7 on win32)" generated="20230112 05:57:46.062" rpa="false" schemaversion="3">
<suite id="s1" name="Taybullpay registration" source="C:\Users\kenny\OneDrive\Desktop\My_tech_base folder\robot-test\Taybullpay_registration.robot">
<test id="s1-t1" name="Verify that user can register on taybull page using a valid email" line="48">
<kw name="Open System Browser and click">
<arg>${Taybullpay_URL}</arg>
<arg>${Browser}</arg>
<arg>${Dropdown_element}</arg>
<arg>${Tayblepay_logo}</arg>
<arg>${signup_page}</arg>
<arg>${Welome_locator}</arg>
<doc>Open System Browser</doc>
<kw name="Open Browser" library="SeleniumLibrary">
<arg>${URL}</arg>
<arg>${website}</arg>
<doc>Opens a new browser instance to the optional ``url``.</doc>
<msg timestamp="20230112 05:57:46.521" level="INFO">Opening browser 'chrome' to base url 'https://taybullpay.com/'.</msg>
<status status="PASS" starttime="20230112 05:57:46.521" endtime="20230112 05:58:16.313"/>
</kw>
<kw name="Click Element" library="SeleniumLibrary">
<arg>${Dropdown_sign}</arg>
<doc>Click the element identified by ``locator``.</doc>
<msg timestamp="20230112 05:58:16.332" level="INFO">Clicking element '//button[@type='button']//span[@class='hamburger-box']'.</msg>
<status status="PASS" starttime="20230112 05:58:16.321" endtime="20230112 05:58:16.498"/>
</kw>
<kw name="Wait Until Element Is Visible" library="SeleniumLibrary">
<arg>${Tayblepay_botton}</arg>
<arg>timeout=10</arg>
<doc>Waits until the element ``locator`` is visible.</doc>
<status status="PASS" starttime="20230112 05:58:16.499" endtime="20230112 05:58:16.584"/>
</kw>
<kw name="Click Element" library="SeleniumLibrary">
<arg>${signup_link}</arg>
<doc>Click the element identified by ``locator``.</doc>
<msg timestamp="20230112 05:58:16.587" level="INFO">Clicking element '//div[@class='v-list-item__title menu-list' and contains (text(), 'Sign Up')]'.</msg>
<status status="PASS" starttime="20230112 05:58:16.585" endtime="20230112 05:58:16.721"/>
</kw>
<kw name="Wait Until Element Is Visible" library="SeleniumLibrary">
<arg>${Welome_text}</arg>
<doc>Waits until the element ``locator`` is visible.</doc>
<status status="PASS" starttime="20230112 05:58:16.722" endtime="20230112 05:58:17.094"/>
</kw>
<status status="PASS" starttime="20230112 05:57:46.521" endtime="20230112 05:58:17.095"/>
</kw>
<kw name="Provide Text Data and Submit">
<arg>${name_field}</arg>
<arg>${sign_name}</arg>
<arg>${email_field}</arg>
<arg>${sign_email}</arg>
<arg>${password_locator}</arg>
<arg>${sign_password}</arg>
<arg>${click_signup}</arg>
<doc>Provide text data in the text field and clicks submit</doc>
<kw name="Input Text" library="SeleniumLibrary">
<arg>${username_field}</arg>
<arg>${username}</arg>
<doc>Types the given ``text`` into the text field identified by ``locator``.</doc>
<msg timestamp="20230112 05:58:17.100" level="INFO">Typing text 'Kolapo' into text field '//input[@name='fullname' and @type='text']'.</msg>
<status status="PASS" starttime="20230112 05:58:17.099" endtime="20230112 05:58:17.582"/>
</kw>
<kw name="Input Text" library="SeleniumLibrary">
<arg>${email_locator}</arg>
<arg>${email}</arg>
<doc>Types the given ``text`` into the text field identified by ``locator``.</doc>
<msg timestamp="20230112 05:58:17.583" level="INFO">Typing text 'kenny_alonge@outlook.com' into text field '//input[@name='username' and @type='email']'.</msg>
<status status="PASS" starttime="20230112 05:58:17.582" endtime="20230112 05:58:18.106"/>
</kw>
<kw name="Input Password" library="SeleniumLibrary">
<arg>${password_field}</arg>
<arg>${password}</arg>
<doc>Types the given password into the text field identified by ``locator``.</doc>
<msg timestamp="20230112 05:58:18.107" level="INFO">Typing password into text field '//input[@id='password' and @name='password' and @autocomplete='new-password']'.</msg>
<msg timestamp="20230112 05:58:18.183" level="INFO">Temporally setting log level to: NONE</msg>
<msg timestamp="20230112 05:58:18.323" level="INFO">Log level changed from NONE to INFO.</msg>
<status status="PASS" starttime="20230112 05:58:18.106" endtime="20230112 05:58:18.323"/>
</kw>
<kw name="Click Button" library="SeleniumLibrary">
<arg>${signup_field}</arg>
<doc>Clicks the button identified by ``locator``.</doc>
<msg timestamp="20230112 05:58:18.324" level="INFO">Clicking button '//button[@type='submit' and @form='sign-in-form']'.</msg>
<status status="PASS" starttime="20230112 05:58:18.324" endtime="20230112 05:58:18.484"/>
</kw>
<status status="PASS" starttime="20230112 05:58:17.097" endtime="20230112 05:58:18.484"/>
</kw>
<kw name="Wait Until Element Is Visible" library="SeleniumLibrary">
<arg>${Verify_number}</arg>
<doc>Waits until the element ``locator`` is visible.</doc>
<status status="PASS" starttime="20230112 05:58:18.485" endtime="20230112 05:58:18.517"/>
</kw>
<kw name="Close Browser" library="SeleniumLibrary" type="TEARDOWN">
<doc>Closes the current browser.</doc>
<status status="PASS" starttime="20230112 05:58:18.520" endtime="20230112 05:58:20.786"/>
</kw>
<doc>Open browser and navigate to the login page</doc>
<tag>regression</tag>
<tag>smoke</tag>
<status status="PASS" starttime="20230112 05:57:46.521" endtime="20230112 05:58:20.786"/>
</test>
<doc>Test suit to register on Taybullpay Page</doc>
<status status="PASS" starttime="20230112 05:57:46.062" endtime="20230112 05:58:20.786"/>
</suite>
<statistics>
<total>
<stat pass="1" fail="0" skip="0">All Tests</stat>
</total>
<tag>
<stat pass="1" fail="0" skip="0">regression</stat>
<stat pass="1" fail="0" skip="0">smoke</stat>
</tag>
<suite>
<stat pass="1" fail="0" skip="0" id="s1" name="Taybullpay registration">Taybullpay registration</stat>
</suite>
</statistics>
<errors>
</errors>
</robot>
